<?xml version="1.0" encoding="UTF-8"?>
<coverage generated="1706986371618" clover="3.2.0">
  <project timestamp="1706986371618" name="All files">
    <metrics statements="22" coveredstatements="22" conditionals="7" coveredconditionals="5" methods="8" coveredmethods="8" elements="37" coveredelements="35" complexity="0" loc="22" ncloc="22" packages="6" files="13" classes="13"/>
    <package name="Badge">
      <metrics statements="3" coveredstatements="3" conditionals="0" coveredconditionals="0" methods="1" coveredmethods="1"/>
      <file name="Badge.jsx" path="C:\Users\tunca\OneDrive\Masaüstü\TeknasynAssessments\src\components\Badge\Badge.jsx">
        <metrics statements="2" coveredstatements="2" conditionals="0" coveredconditionals="0" methods="1" coveredmethods="1"/>
        <line num="5" count="1" type="stmt"/>
        <line num="6" count="3" type="stmt"/>
      </file>
      <file name="Badge.style.jsx" path="C:\Users\tunca\OneDrive\Masaüstü\TeknasynAssessments\src\components\Badge\Badge.style.jsx">
        <metrics statements="1" coveredstatements="1" conditionals="0" coveredconditionals="0" methods="0" coveredmethods="0"/>
        <line num="3" count="1" type="stmt"/>
      </file>
    </package>
    <package name="Button">
      <metrics statements="3" coveredstatements="3" conditionals="1" coveredconditionals="1" methods="1" coveredmethods="1"/>
      <file name="Button.jsx" path="C:\Users\tunca\OneDrive\Masaüstü\TeknasynAssessments\src\components\Button\Button.jsx">
        <metrics statements="2" coveredstatements="2" conditionals="1" coveredconditionals="1" methods="1" coveredmethods="1"/>
        <line num="5" count="1" type="cond" truecount="1" falsecount="0"/>
        <line num="6" count="4" type="stmt"/>
      </file>
      <file name="Button.style.jsx" path="C:\Users\tunca\OneDrive\Masaüstü\TeknasynAssessments\src\components\Button\Button.style.jsx">
        <metrics statements="1" coveredstatements="1" conditionals="0" coveredconditionals="0" methods="0" coveredmethods="0"/>
        <line num="3" count="1" type="stmt"/>
      </file>
    </package>
    <package name="Close">
      <metrics statements="5" coveredstatements="5" conditionals="4" coveredconditionals="2" methods="1" coveredmethods="1"/>
      <file name="Close.jsx" path="C:\Users\tunca\OneDrive\Masaüstü\TeknasynAssessments\src\components\Close\Close.jsx">
        <metrics statements="2" coveredstatements="2" conditionals="0" coveredconditionals="0" methods="1" coveredmethods="1"/>
        <line num="6" count="1" type="stmt"/>
        <line num="7" count="3" type="stmt"/>
      </file>
      <file name="Close.style.jsx" path="C:\Users\tunca\OneDrive\Masaüstü\TeknasynAssessments\src\components\Close\Close.style.jsx">
        <metrics statements="3" coveredstatements="3" conditionals="4" coveredconditionals="2" methods="0" coveredmethods="0"/>
        <line num="2" count="1" type="cond" truecount="1" falsecount="1"/>
        <line num="3" count="1" type="cond" truecount="1" falsecount="1"/>
        <line num="4" count="1" type="stmt"/>
      </file>
    </package>
    <package name="Footer">
      <metrics statements="4" coveredstatements="4" conditionals="2" coveredconditionals="2" methods="2" coveredmethods="2"/>
      <file name="Footer.jsx" path="C:\Users\tunca\OneDrive\Masaüstü\TeknasynAssessments\src\components\Footer\Footer.jsx">
        <metrics statements="3" coveredstatements="3" conditionals="2" coveredconditionals="2" methods="2" coveredmethods="2"/>
        <line num="5" count="1" type="stmt"/>
        <line num="6" count="3" type="stmt"/>
        <line num="9" count="6" type="stmt"/>
      </file>
      <file name="Footer.style.jsx" path="C:\Users\tunca\OneDrive\Masaüstü\TeknasynAssessments\src\components\Footer\Footer.style.jsx">
        <metrics statements="1" coveredstatements="1" conditionals="0" coveredconditionals="0" methods="0" coveredmethods="0"/>
        <line num="3" count="1" type="stmt"/>
      </file>
    </package>
    <package name="FreeTrial">
      <metrics statements="3" coveredstatements="3" conditionals="0" coveredconditionals="0" methods="1" coveredmethods="1"/>
      <file name="FreeTrial.jsx" path="C:\Users\tunca\OneDrive\Masaüstü\TeknasynAssessments\src\components\FreeTrial\FreeTrial.jsx">
        <metrics statements="2" coveredstatements="2" conditionals="0" coveredconditionals="0" methods="1" coveredmethods="1"/>
        <line num="4" count="1" type="stmt"/>
        <line num="5" count="2" type="stmt"/>
      </file>
      <file name="FreeTrial.style.jsx" path="C:\Users\tunca\OneDrive\Masaüstü\TeknasynAssessments\src\components\FreeTrial\FreeTrial.style.jsx">
        <metrics statements="1" coveredstatements="1" conditionals="0" coveredconditionals="0" methods="0" coveredmethods="0"/>
        <line num="3" count="1" type="stmt"/>
      </file>
    </package>
    <package name="Link">
      <metrics statements="4" coveredstatements="4" conditionals="0" coveredconditionals="0" methods="2" coveredmethods="2"/>
      <file name="Link.jsx" path="C:\Users\tunca\OneDrive\Masaüstü\TeknasynAssessments\src\components\Link\Link.jsx">
        <metrics statements="3" coveredstatements="3" conditionals="0" coveredconditionals="0" methods="2" coveredmethods="2"/>
        <line num="3" count="2" type="stmt"/>
        <line num="4" count="9" type="stmt"/>
        <line num="5" count="4" type="stmt"/>
      </file>
      <file name="Link.style.jsx" path="C:\Users\tunca\OneDrive\Masaüstü\TeknasynAssessments\src\components\Link\Link.style.jsx">
        <metrics statements="1" coveredstatements="1" conditionals="0" coveredconditionals="0" methods="0" coveredmethods="0"/>
        <line num="3" count="2" type="stmt"/>
      </file>
      <file name="index.jsx" path="C:\Users\tunca\OneDrive\Masaüstü\TeknasynAssessments\src\components\Link\index.jsx">
        <metrics statements="0" coveredstatements="0" conditionals="0" coveredconditionals="0" methods="0" coveredmethods="0"/>
      </file>
    </package>
  </project>
</coverage>
