{"C:\\Users\\tunca\\OneDrive\\Masaüstü\\TeknasynAssessments\\src\\components\\Badge\\Badge.jsx": {"path":"C:\\Users\\tunca\\OneDrive\\Masaüstü\\TeknasynAssessments\\src\\components\\Badge\\Badge.jsx","statementMap":{"0":{"start":{"line":5,"column":14},"end":{"line":14,"column":1}},"1":{"start":{"line":6,"column":2},"end":{"line":13,"column":3}}},"fnMap":{"0":{"name":"(anonymous_0)","decl":{"start":{"line":5,"column":14},"end":{"line":5,"column":15}},"loc":{"start":{"line":5,"column":20},"end":{"line":14,"column":1}},"line":5}},"branchMap":{},"s":{"0":1,"1":3},"f":{"0":3},"b":{},"_coverageSchema":"1a1c01bbd47fc00a2c39e90264f33305004495a9","hash":"36f084c33321dec5ad2c39149c520ee8c557b80a"}
,"C:\\Users\\tunca\\OneDrive\\Masaüstü\\TeknasynAssessments\\src\\components\\Badge\\Badge.style.jsx": {"path":"C:\\Users\\tunca\\OneDrive\\Masaüstü\\TeknasynAssessments\\src\\components\\Badge\\Badge.style.jsx","statementMap":{"0":{"start":{"line":3,"column":15},"end":{"line":21,"column":2}}},"fnMap":{},"branchMap":{},"s":{"0":1},"f":{},"b":{},"_coverageSchema":"1a1c01bbd47fc00a2c39e90264f33305004495a9","hash":"b514aa7e42a5735cfb8502db4de4c40684020247"}
,"C:\\Users\\tunca\\OneDrive\\Masaüstü\\TeknasynAssessments\\src\\components\\Button\\Button.jsx": {"path":"C:\\Users\\tunca\\OneDrive\\Masaüstü\\TeknasynAssessments\\src\\components\\Button\\Button.jsx","statementMap":{"0":{"start":{"line":5,"column":21},"end":{"line":17,"column":1}},"1":{"start":{"line":6,"column":2},"end":{"line":16,"column":3}}},"fnMap":{"0":{"name":"(anonymous_0)","decl":{"start":{"line":5,"column":21},"end":{"line":5,"column":22}},"loc":{"start":{"line":5,"column":64},"end":{"line":17,"column":1}},"line":5}},"branchMap":{"0":{"loc":{"start":{"line":5,"column":40},"end":{"line":5,"column":57}},"type":"default-arg","locations":[{"start":{"line":5,"column":48},"end":{"line":5,"column":57}}],"line":5}},"s":{"0":1,"1":4},"f":{"0":4},"b":{"0":[3]},"_coverageSchema":"1a1c01bbd47fc00a2c39e90264f33305004495a9","hash":"d29303e2a46aee5d3049475ae0ce0f10399a08e7"}
,"C:\\Users\\tunca\\OneDrive\\Masaüstü\\TeknasynAssessments\\src\\components\\Button\\Button.style.jsx": {"path":"C:\\Users\\tunca\\OneDrive\\Masaüstü\\TeknasynAssessments\\src\\components\\Button\\Button.style.jsx","statementMap":{"0":{"start":{"line":3,"column":15},"end":{"line":34,"column":1}}},"fnMap":{},"branchMap":{},"s":{"0":1},"f":{},"b":{},"_coverageSchema":"1a1c01bbd47fc00a2c39e90264f33305004495a9","hash":"b9484620e144fa61d514b30d20a1b28e19e637a3"}
,"C:\\Users\\tunca\\OneDrive\\Masaüstü\\TeknasynAssessments\\src\\components\\Close\\Close.jsx": {"path":"C:\\Users\\tunca\\OneDrive\\Masaüstü\\TeknasynAssessments\\src\\components\\Close\\Close.jsx","statementMap":{"0":{"start":{"line":6,"column":14},"end":{"line":16,"column":1}},"1":{"start":{"line":7,"column":2},"end":{"line":15,"column":3}}},"fnMap":{"0":{"name":"(anonymous_0)","decl":{"start":{"line":6,"column":14},"end":{"line":6,"column":15}},"loc":{"start":{"line":6,"column":31},"end":{"line":16,"column":1}},"line":6}},"branchMap":{},"s":{"0":1,"1":3},"f":{"0":3},"b":{},"_coverageSchema":"1a1c01bbd47fc00a2c39e90264f33305004495a9","hash":"a7e4962f3d013bdc11ffbb2ebe7d717420073493"}
,"C:\\Users\\tunca\\OneDrive\\Masaüstü\\TeknasynAssessments\\src\\components\\Close\\Close.style.jsx": {"path":"C:\\Users\\tunca\\OneDrive\\Masaüstü\\TeknasynAssessments\\src\\components\\Close\\Close.style.jsx","statementMap":{"0":{"start":{"line":2,"column":17},"end":{"line":2,"column":69}},"1":{"start":{"line":3,"column":19},"end":{"line":3,"column":76}},"2":{"start":{"line":4,"column":15},"end":{"line":10,"column":2}}},"fnMap":{},"branchMap":{"0":{"loc":{"start":{"line":2,"column":17},"end":{"line":2,"column":69}},"type":"cond-expr","locations":[{"start":{"line":2,"column":41},"end":{"line":2,"column":43}},{"start":{"line":2,"column":46},"end":{"line":2,"column":69}}],"line":2},"1":{"loc":{"start":{"line":3,"column":19},"end":{"line":3,"column":76}},"type":"cond-expr","locations":[{"start":{"line":3,"column":43},"end":{"line":3,"column":45}},{"start":{"line":3,"column":48},"end":{"line":3,"column":76}}],"line":3}},"s":{"0":1,"1":1,"2":1},"f":{},"b":{"0":[1,0],"1":[1,0]},"_coverageSchema":"1a1c01bbd47fc00a2c39e90264f33305004495a9","hash":"a85078234c3fc23fab6c5253cbf4103dc61c4bd4"}
,"C:\\Users\\tunca\\OneDrive\\Masaüstü\\TeknasynAssessments\\src\\components\\Footer\\Footer.jsx": {"path":"C:\\Users\\tunca\\OneDrive\\Masaüstü\\TeknasynAssessments\\src\\components\\Footer\\Footer.jsx","statementMap":{"0":{"start":{"line":5,"column":15},"end":{"line":16,"column":1}},"1":{"start":{"line":6,"column":2},"end":{"line":15,"column":3}},"2":{"start":{"line":9,"column":8},"end":{"line":12,"column":25}}},"fnMap":{"0":{"name":"(anonymous_0)","decl":{"start":{"line":5,"column":15},"end":{"line":5,"column":16}},"loc":{"start":{"line":5,"column":29},"end":{"line":16,"column":1}},"line":5},"1":{"name":"(anonymous_1)","decl":{"start":{"line":8,"column":17},"end":{"line":8,"column":18}},"loc":{"start":{"line":9,"column":8},"end":{"line":12,"column":25}},"line":9}},"branchMap":{"0":{"loc":{"start":{"line":11,"column":11},"end":{"line":11,"column":74}},"type":"binary-expr","locations":[{"start":{"line":11,"column":11},"end":{"line":11,"column":34}},{"start":{"line":11,"column":38},"end":{"line":11,"column":74}}],"line":11}},"s":{"0":1,"1":3,"2":6},"f":{"0":3,"1":6},"b":{"0":[6,4]},"_coverageSchema":"1a1c01bbd47fc00a2c39e90264f33305004495a9","hash":"55d8a0415ba5e7d1c680346d4390a195e0aaa314"}
,"C:\\Users\\tunca\\OneDrive\\Masaüstü\\TeknasynAssessments\\src\\components\\Footer\\Footer.style.jsx": {"path":"C:\\Users\\tunca\\OneDrive\\Masaüstü\\TeknasynAssessments\\src\\components\\Footer\\Footer.style.jsx","statementMap":{"0":{"start":{"line":3,"column":15},"end":{"line":15,"column":2}}},"fnMap":{},"branchMap":{},"s":{"0":1},"f":{},"b":{},"_coverageSchema":"1a1c01bbd47fc00a2c39e90264f33305004495a9","hash":"8450151aa535c8c652988e7d7e0af41a9c1639e7"}
,"C:\\Users\\tunca\\OneDrive\\Masaüstü\\TeknasynAssessments\\src\\components\\FreeTrial\\FreeTrial.jsx": {"path":"C:\\Users\\tunca\\OneDrive\\Masaüstü\\TeknasynAssessments\\src\\components\\FreeTrial\\FreeTrial.jsx","statementMap":{"0":{"start":{"line":4,"column":18},"end":{"line":18,"column":1}},"1":{"start":{"line":5,"column":2},"end":{"line":17,"column":3}}},"fnMap":{"0":{"name":"(anonymous_0)","decl":{"start":{"line":4,"column":18},"end":{"line":4,"column":19}},"loc":{"start":{"line":4,"column":24},"end":{"line":18,"column":1}},"line":4}},"branchMap":{},"s":{"0":1,"1":2},"f":{"0":2},"b":{},"_coverageSchema":"1a1c01bbd47fc00a2c39e90264f33305004495a9","hash":"35e14757f89f7b47d46ed8b00a95c0bc49825298"}
,"C:\\Users\\tunca\\OneDrive\\Masaüstü\\TeknasynAssessments\\src\\components\\FreeTrial\\FreeTrial.style.jsx": {"path":"C:\\Users\\tunca\\OneDrive\\Masaüstü\\TeknasynAssessments\\src\\components\\FreeTrial\\FreeTrial.style.jsx","statementMap":{"0":{"start":{"line":3,"column":15},"end":{"line":26,"column":2}}},"fnMap":{},"branchMap":{},"s":{"0":1},"f":{},"b":{},"_coverageSchema":"1a1c01bbd47fc00a2c39e90264f33305004495a9","hash":"30b0fa4c470e44e1c62c3dd7583026f96b9f53cf"}
,"C:\\Users\\tunca\\OneDrive\\Masaüstü\\TeknasynAssessments\\src\\components\\Link\\Link.jsx": {"path":"C:\\Users\\tunca\\OneDrive\\Masaüstü\\TeknasynAssessments\\src\\components\\Link\\Link.jsx","statementMap":{"0":{"start":{"line":3,"column":13},"end":{"line":11,"column":1}},"1":{"start":{"line":4,"column":2},"end":{"line":10,"column":3}},"2":{"start":{"line":5,"column":51},"end":{"line":5,"column":71}}},"fnMap":{"0":{"name":"(anonymous_0)","decl":{"start":{"line":3,"column":13},"end":{"line":3,"column":14}},"loc":{"start":{"line":3,"column":33},"end":{"line":11,"column":1}},"line":3},"1":{"name":"(anonymous_1)","decl":{"start":{"line":5,"column":45},"end":{"line":5,"column":46}},"loc":{"start":{"line":5,"column":51},"end":{"line":5,"column":71}},"line":5}},"branchMap":{},"s":{"0":2,"1":9,"2":4},"f":{"0":9,"1":4},"b":{},"_coverageSchema":"1a1c01bbd47fc00a2c39e90264f33305004495a9","hash":"2671592acf5dd64ed4aed0ffb84ebd5dfce12771"}
,"C:\\Users\\tunca\\OneDrive\\Masaüstü\\TeknasynAssessments\\src\\components\\Link\\Link.style.jsx": {"path":"C:\\Users\\tunca\\OneDrive\\Masaüstü\\TeknasynAssessments\\src\\components\\Link\\Link.style.jsx","statementMap":{"0":{"start":{"line":3,"column":15},"end":{"line":10,"column":2}}},"fnMap":{},"branchMap":{},"s":{"0":2},"f":{},"b":{},"_coverageSchema":"1a1c01bbd47fc00a2c39e90264f33305004495a9","hash":"075a210d46a40a8c6831f1438195aa4c68a6f72f"}
,"C:\\Users\\tunca\\OneDrive\\Masaüstü\\TeknasynAssessments\\src\\components\\Link\\index.jsx": {"path":"C:\\Users\\tunca\\OneDrive\\Masaüstü\\TeknasynAssessments\\src\\components\\Link\\index.jsx","statementMap":{},"fnMap":{},"branchMap":{},"s":{},"f":{},"b":{},"_coverageSchema":"1a1c01bbd47fc00a2c39e90264f33305004495a9","hash":"e95ca11f21a6ce43bf704793d849306e55ff5c2e"}
}
