{"C:\\Users\\tunca\\OneDrive\\Masaüstü\\TeknasynAssessments\\src\\components\\Button\\Button.jsx": {"path":"C:\\Users\\tunca\\OneDrive\\Masaüstü\\TeknasynAssessments\\src\\components\\Button\\Button.jsx","statementMap":{"0":{"start":{"line":5,"column":21},"end":{"line":11,"column":1}},"1":{"start":{"line":6,"column":2},"end":{"line":10,"column":3}}},"fnMap":{"0":{"name":"(anonymous_0)","decl":{"start":{"line":5,"column":21},"end":{"line":5,"column":22}},"loc":{"start":{"line":5,"column":64},"end":{"line":11,"column":1}},"line":5}},"branchMap":{"0":{"loc":{"start":{"line":5,"column":40},"end":{"line":5,"column":57}},"type":"default-arg","locations":[{"start":{"line":5,"column":48},"end":{"line":5,"column":57}}],"line":5}},"s":{"0":1,"1":1},"f":{"0":1},"b":{"0":[1]},"_coverageSchema":"1a1c01bbd47fc00a2c39e90264f33305004495a9","hash":"b561d69f7e7a4406974c694425827fc78359e4f7"}
,"C:\\Users\\tunca\\OneDrive\\Masaüstü\\TeknasynAssessments\\src\\components\\Button\\Button.style.jsx": {"path":"C:\\Users\\tunca\\OneDrive\\Masaüstü\\TeknasynAssessments\\src\\components\\Button\\Button.style.jsx","statementMap":{"0":{"start":{"line":3,"column":15},"end":{"line":34,"column":1}}},"fnMap":{},"branchMap":{},"s":{"0":1},"f":{},"b":{},"_coverageSchema":"1a1c01bbd47fc00a2c39e90264f33305004495a9","hash":"b9484620e144fa61d514b30d20a1b28e19e637a3"}
}
