TN:
SF:src\components\Badge\Badge.jsx
FN:5,(anonymous_0)
FNF:1
FNH:1
FNDA:3,(anonymous_0)
DA:5,1
DA:6,3
LF:2
LH:2
BRF:0
BRH:0
end_of_record
TN:
SF:src\components\Badge\Badge.style.jsx
FNF:0
FNH:0
DA:3,1
LF:1
LH:1
BRF:0
BRH:0
end_of_record
TN:
SF:src\components\Button\Button.jsx
FN:5,(anonymous_0)
FNF:1
FNH:1
FNDA:4,(anonymous_0)
DA:5,1
DA:6,4
LF:2
LH:2
BRDA:5,0,0,3
BRF:1
BRH:1
end_of_record
TN:
SF:src\components\Button\Button.style.jsx
FNF:0
FNH:0
DA:3,1
LF:1
LH:1
BRF:0
BRH:0
end_of_record
TN:
SF:src\components\Close\Close.jsx
FN:6,(anonymous_0)
FNF:1
FNH:1
FNDA:3,(anonymous_0)
DA:6,1
DA:7,3
LF:2
LH:2
BRF:0
BRH:0
end_of_record
TN:
SF:src\components\Close\Close.style.jsx
FNF:0
FNH:0
DA:2,1
DA:3,1
DA:4,1
LF:3
LH:3
BRDA:2,0,0,1
BRDA:2,0,1,0
BRDA:3,1,0,1
BRDA:3,1,1,0
BRF:4
BRH:2
end_of_record
TN:
SF:src\components\Footer\Footer.jsx
FN:5,(anonymous_0)
FN:8,(anonymous_1)
FNF:2
FNH:2
FNDA:3,(anonymous_0)
FNDA:6,(anonymous_1)
DA:5,1
DA:6,3
DA:9,6
LF:3
LH:3
BRDA:11,0,0,6
BRDA:11,0,1,4
BRF:2
BRH:2
end_of_record
TN:
SF:src\components\Footer\Footer.style.jsx
FNF:0
FNH:0
DA:3,1
LF:1
LH:1
BRF:0
BRH:0
end_of_record
TN:
SF:src\components\FreeTrial\FreeTrial.jsx
FN:4,(anonymous_0)
FNF:1
FNH:1
FNDA:2,(anonymous_0)
DA:4,1
DA:5,2
LF:2
LH:2
BRF:0
BRH:0
end_of_record
TN:
SF:src\components\FreeTrial\FreeTrial.style.jsx
FNF:0
FNH:0
DA:3,1
LF:1
LH:1
BRF:0
BRH:0
end_of_record
TN:
SF:src\components\Link\Link.jsx
FN:3,(anonymous_0)
FN:5,(anonymous_1)
FNF:2
FNH:2
FNDA:9,(anonymous_0)
FNDA:4,(anonymous_1)
DA:3,2
DA:4,9
DA:5,4
LF:3
LH:3
BRF:0
BRH:0
end_of_record
TN:
SF:src\components\Link\Link.style.jsx
FNF:0
FNH:0
DA:3,2
LF:1
LH:1
BRF:0
BRH:0
end_of_record
TN:
SF:src\components\Link\index.jsx
FNF:0
FNH:0
LF:0
LH:0
BRF:0
BRH:0
end_of_record
TN:
SF:src\components\Radio\Radio.style.jsx
FNF:0
FNH:0
DA:3,1
LF:1
LH:1
BRF:0
BRH:0
end_of_record
TN:
SF:src\components\Radio\RadioButton.jsx
FN:5,(anonymous_0)
FN:6,(anonymous_1)
FN:7,(anonymous_2)
FNF:3
FNH:2
FNDA:5,(anonymous_0)
FNDA:1,(anonymous_1)
FNDA:0,(anonymous_2)
DA:5,1
DA:6,5
DA:7,1
DA:9,5
LF:4
LH:4
BRDA:15,0,0,1
BRDA:15,0,1,4
BRDA:20,1,0,5
BRDA:20,1,1,1
BRF:4
BRH:4
end_of_record
TN:
SF:src\components\Switch\Switch.jsx
FN:4,(anonymous_0)
FN:7,(anonymous_1)
FN:8,(anonymous_2)
FNF:3
FNH:3
FNDA:4,(anonymous_0)
FNDA:1,(anonymous_1)
FNDA:1,(anonymous_2)
DA:4,1
DA:5,4
DA:7,4
DA:8,1
DA:11,4
LF:5
LH:5
BRF:0
BRH:0
end_of_record
